[2025-07-03 13:59:59Z INFO HostContext] No proxy settings were found based on environmental variables (http_proxy/https_proxy/HTTP_PROXY/HTTPS_PROXY)
[2025-07-03 13:59:59Z INFO HostContext] Well known directory 'Bin': '/Users/akshatsingh/Downloads/Starters/EvalAI-Starters/actions-runner/bin'
[2025-07-03 13:59:59Z INFO HostContext] Well known directory 'Root': '/Users/akshatsingh/Downloads/Starters/EvalAI-Starters/actions-runner'
[2025-07-03 13:59:59Z INFO HostContext] Well known config file 'Credentials': '/Users/akshatsingh/Downloads/Starters/EvalAI-Starters/actions-runner/.credentials'
[2025-07-03 13:59:59Z INFO HostContext] Well known directory 'Bin': '/Users/akshatsingh/Downloads/Starters/EvalAI-Starters/actions-runner/bin'
[2025-07-03 13:59:59Z INFO HostContext] Well known directory 'Root': '/Users/akshatsingh/Downloads/Starters/EvalAI-Starters/actions-runner'
[2025-07-03 13:59:59Z INFO HostContext] Well known config file 'Runner': '/Users/akshatsingh/Downloads/Starters/EvalAI-Starters/actions-runner/.runner'
[2025-07-03 13:59:59Z INFO Listener] Runner is built for OSX (X64) - osx-x64.
[2025-07-03 13:59:59Z INFO Listener] RuntimeInformation: Darwin 24.2.0 Darwin Kernel Version 24.2.0: Fri Dec  6 18:51:28 PST 2024; root:xnu-11215.61.5~2/RELEASE_ARM64_T8112.
[2025-07-03 13:59:59Z INFO Listener] Version: 2.325.0
[2025-07-03 13:59:59Z INFO Listener] Commit: 71ed7cd46223bd5d61633445946813012b502d54
[2025-07-03 13:59:59Z INFO Listener] Culture: en-US
[2025-07-03 13:59:59Z INFO Listener] UI Culture: en-US
[2025-07-03 13:59:59Z INFO HostContext] Well known directory 'Bin': '/Users/akshatsingh/Downloads/Starters/EvalAI-Starters/actions-runner/bin'
[2025-07-03 13:59:59Z INFO HostContext] Well known directory 'Root': '/Users/akshatsingh/Downloads/Starters/EvalAI-Starters/actions-runner'
[2025-07-03 13:59:59Z INFO Listener] Validating directory permissions for: '/Users/akshatsingh/Downloads/Starters/EvalAI-Starters/actions-runner'
[2025-07-03 13:59:59Z INFO CommandLineParser] Parse
[2025-07-03 13:59:59Z INFO CommandLineParser] Parsing 5 args
[2025-07-03 13:59:59Z INFO CommandLineParser] parsing argument
[2025-07-03 13:59:59Z INFO CommandLineParser] HasArgs: False
[2025-07-03 13:59:59Z INFO CommandLineParser] Adding Command: configure
[2025-07-03 13:59:59Z INFO CommandLineParser] parsing argument
[2025-07-03 13:59:59Z INFO CommandLineParser] HasArgs: True
[2025-07-03 13:59:59Z INFO CommandLineParser] arg: url
[2025-07-03 13:59:59Z INFO CommandLineParser] parsing argument
[2025-07-03 13:59:59Z INFO CommandLineParser] HasArgs: True
[2025-07-03 13:59:59Z INFO CommandLineParser] Adding option 'url': 'https://github.com/Akshat453/EvalAI-Starters'
[2025-07-03 13:59:59Z INFO CommandLineParser] parsing argument
[2025-07-03 13:59:59Z INFO CommandLineParser] HasArgs: True
[2025-07-03 13:59:59Z INFO CommandLineParser] arg: token
[2025-07-03 13:59:59Z INFO CommandLineParser] parsing argument
[2025-07-03 13:59:59Z INFO CommandLineParser] HasArgs: True
[2025-07-03 13:59:59Z INFO CommandLineParser] Adding option 'token': '***'
[2025-07-03 13:59:59Z INFO Listener] Arguments parsed
[2025-07-03 14:00:00Z INFO Runner] ExecuteCommand
[2025-07-03 14:00:00Z INFO ConfigurationStore] currentAssemblyLocation: /Users/akshatsingh/Downloads/Starters/EvalAI-Starters/actions-runner/bin/Runner.Listener.dll
[2025-07-03 14:00:00Z INFO HostContext] Well known directory 'Bin': '/Users/akshatsingh/Downloads/Starters/EvalAI-Starters/actions-runner/bin'
[2025-07-03 14:00:00Z INFO ConfigurationStore] binPath: /Users/akshatsingh/Downloads/Starters/EvalAI-Starters/actions-runner/bin
[2025-07-03 14:00:00Z INFO HostContext] Well known directory 'Bin': '/Users/akshatsingh/Downloads/Starters/EvalAI-Starters/actions-runner/bin'
[2025-07-03 14:00:00Z INFO HostContext] Well known directory 'Root': '/Users/akshatsingh/Downloads/Starters/EvalAI-Starters/actions-runner'
[2025-07-03 14:00:00Z INFO ConfigurationStore] RootFolder: /Users/akshatsingh/Downloads/Starters/EvalAI-Starters/actions-runner
[2025-07-03 14:00:00Z INFO HostContext] Well known directory 'Bin': '/Users/akshatsingh/Downloads/Starters/EvalAI-Starters/actions-runner/bin'
[2025-07-03 14:00:00Z INFO HostContext] Well known directory 'Root': '/Users/akshatsingh/Downloads/Starters/EvalAI-Starters/actions-runner'
[2025-07-03 14:00:00Z INFO HostContext] Well known config file 'Runner': '/Users/akshatsingh/Downloads/Starters/EvalAI-Starters/actions-runner/.runner'
[2025-07-03 14:00:00Z INFO ConfigurationStore] ConfigFilePath: /Users/akshatsingh/Downloads/Starters/EvalAI-Starters/actions-runner/.runner
[2025-07-03 14:00:00Z INFO HostContext] Well known directory 'Bin': '/Users/akshatsingh/Downloads/Starters/EvalAI-Starters/actions-runner/bin'
[2025-07-03 14:00:00Z INFO HostContext] Well known directory 'Root': '/Users/akshatsingh/Downloads/Starters/EvalAI-Starters/actions-runner'
[2025-07-03 14:00:00Z INFO HostContext] Well known config file 'MigratedRunner': '/Users/akshatsingh/Downloads/Starters/EvalAI-Starters/actions-runner/.runner_migrated'
[2025-07-03 14:00:00Z INFO ConfigurationStore] MigratedConfigFilePath: /Users/akshatsingh/Downloads/Starters/EvalAI-Starters/actions-runner/.runner_migrated
[2025-07-03 14:00:00Z INFO HostContext] Well known directory 'Bin': '/Users/akshatsingh/Downloads/Starters/EvalAI-Starters/actions-runner/bin'
[2025-07-03 14:00:00Z INFO HostContext] Well known directory 'Root': '/Users/akshatsingh/Downloads/Starters/EvalAI-Starters/actions-runner'
[2025-07-03 14:00:00Z INFO HostContext] Well known config file 'Credentials': '/Users/akshatsingh/Downloads/Starters/EvalAI-Starters/actions-runner/.credentials'
[2025-07-03 14:00:00Z INFO ConfigurationStore] CredFilePath: /Users/akshatsingh/Downloads/Starters/EvalAI-Starters/actions-runner/.credentials
[2025-07-03 14:00:00Z INFO HostContext] Well known directory 'Bin': '/Users/akshatsingh/Downloads/Starters/EvalAI-Starters/actions-runner/bin'
[2025-07-03 14:00:00Z INFO HostContext] Well known directory 'Root': '/Users/akshatsingh/Downloads/Starters/EvalAI-Starters/actions-runner'
[2025-07-03 14:00:00Z INFO HostContext] Well known config file 'MigratedCredentials': '/Users/akshatsingh/Downloads/Starters/EvalAI-Starters/actions-runner/.credentials_migrated'
[2025-07-03 14:00:00Z INFO ConfigurationStore] MigratedCredFilePath: /Users/akshatsingh/Downloads/Starters/EvalAI-Starters/actions-runner/.credentials_migrated
[2025-07-03 14:00:00Z INFO HostContext] Well known directory 'Bin': '/Users/akshatsingh/Downloads/Starters/EvalAI-Starters/actions-runner/bin'
[2025-07-03 14:00:00Z INFO HostContext] Well known directory 'Root': '/Users/akshatsingh/Downloads/Starters/EvalAI-Starters/actions-runner'
[2025-07-03 14:00:00Z INFO HostContext] Well known config file 'Service': '/Users/akshatsingh/Downloads/Starters/EvalAI-Starters/actions-runner/.service'
[2025-07-03 14:00:00Z INFO ConfigurationStore] ServiceConfigFilePath: /Users/akshatsingh/Downloads/Starters/EvalAI-Starters/actions-runner/.service
[2025-07-03 14:00:00Z INFO CommandSettings] Flag 'help': 'False'
[2025-07-03 14:00:00Z INFO CommandSettings] Flag 'version': 'False'
[2025-07-03 14:00:00Z INFO CommandSettings] Flag 'commit': 'False'
[2025-07-03 14:00:00Z INFO CommandSettings] Flag 'check': 'False'
[2025-07-03 14:00:00Z INFO CommandSettings] Command 'configure': 'True'
[2025-07-03 14:00:00Z INFO Terminal] WRITE LINE: 
[2025-07-03 14:00:00Z INFO Terminal] WRITE LINE: --------------------------------------------------------------------------------
[2025-07-03 14:00:00Z INFO Terminal] WRITE LINE: |        ____ _ _   _   _       _          _        _   _                      |
[2025-07-03 14:00:00Z INFO Terminal] WRITE LINE: |       / ___(_) |_| | | |_   _| |__      / \   ___| |_(_) ___  _ __  ___      |
[2025-07-03 14:00:00Z INFO Terminal] WRITE LINE: |      | |  _| | __| |_| | | | | '_ \    / _ \ / __| __| |/ _ \| '_ \/ __|     |
[2025-07-03 14:00:00Z INFO Terminal] WRITE LINE: |      | |_| | | |_|  _  | |_| | |_) |  / ___ \ (__| |_| | (_) | | | \__ \     |
[2025-07-03 14:00:00Z INFO Terminal] WRITE LINE: |       \____|_|\__|_| |_|\__,_|_.__/  /_/   \_\___|\__|_|\___/|_| |_|___/     |
[2025-07-03 14:00:00Z INFO Terminal] WRITE LINE: |                                                                              |
[2025-07-03 14:00:00Z INFO Terminal] WRITE: |                       
[2025-07-03 14:00:00Z INFO Terminal] WRITE: Self-hosted runner registration
[2025-07-03 14:00:00Z INFO Terminal] WRITE LINE:                         |
[2025-07-03 14:00:00Z INFO Terminal] WRITE LINE: |                                                                              |
[2025-07-03 14:00:00Z INFO Terminal] WRITE LINE: --------------------------------------------------------------------------------
[2025-07-03 14:00:00Z INFO ConfigurationManager] ConfigureAsync
[2025-07-03 14:00:00Z INFO CommandSettings] Flag 'generateServiceConfig': 'False'
[2025-07-03 14:00:00Z INFO ConfigurationStore] IsConfigured()
[2025-07-03 14:00:00Z INFO ConfigurationStore] IsConfigured: False
[2025-07-03 14:00:00Z INFO ConfigurationManager] Is configured: False
[2025-07-03 14:00:00Z INFO CommandSettings] Arg 'url': 'https://github.com/Akshat453/EvalAI-Starters'
[2025-07-03 14:00:00Z INFO CommandSettings] Remove url from Arg dictionary.
[2025-07-03 14:00:00Z INFO CommandSettings] Arg 'token': '***'
[2025-07-03 14:00:00Z INFO CommandSettings] Remove token from Arg dictionary.
[2025-07-03 14:00:05Z INFO ConfigurationManager] Http response code: OK from 'POST https://api.github.com/actions/runner-registration' (F80A:239B42:57D230:60FCFA:68668CE4)
[2025-07-03 14:00:05Z INFO ConfigurationManager] Using V2 flow: False
[2025-07-03 14:00:05Z INFO ConfigurationManager] cred retrieved via GitHub auth
[2025-07-03 14:00:05Z INFO RunnerServer] EstablishVssConnection
[2025-07-03 14:00:05Z INFO RunnerServer] Establish connection with 100 seconds timeout.
[2025-07-03 14:00:06Z INFO GitHubActionsService] Starting operation Location.GetConnectionData
[2025-07-03 14:00:06Z INFO RunnerServer] EstablishVssConnection
[2025-07-03 14:00:06Z INFO RunnerServer] Establish connection with 60 seconds timeout.
[2025-07-03 14:00:06Z INFO GitHubActionsService] Starting operation Location.GetConnectionData
[2025-07-03 14:00:06Z INFO RunnerServer] EstablishVssConnection
[2025-07-03 14:00:06Z INFO RunnerServer] Establish connection with 60 seconds timeout.
[2025-07-03 14:00:06Z INFO GitHubActionsService] Starting operation Location.GetConnectionData
[2025-07-03 14:00:07Z INFO GitHubActionsService] Finished operation Location.GetConnectionData
[2025-07-03 14:00:07Z INFO GitHubActionsService] Finished operation Location.GetConnectionData
[2025-07-03 14:00:07Z INFO GitHubActionsService] Finished operation Location.GetConnectionData
[2025-07-03 14:00:08Z INFO Terminal] WRITE LINE: 
[2025-07-03 14:00:08Z INFO ConfigurationManager] Test Connection complete.
[2025-07-03 14:00:08Z INFO HostContext] Well known directory 'Bin': '/Users/akshatsingh/Downloads/Starters/EvalAI-Starters/actions-runner/bin'
[2025-07-03 14:00:08Z INFO HostContext] Well known directory 'Root': '/Users/akshatsingh/Downloads/Starters/EvalAI-Starters/actions-runner'
[2025-07-03 14:00:08Z INFO HostContext] Well known config file 'RSACredentials': '/Users/akshatsingh/Downloads/Starters/EvalAI-Starters/actions-runner/.credentials_rsaparams'
[2025-07-03 14:00:08Z INFO RSAFileKeyManager] Creating new RSA key using 2048-bit key length
[2025-07-03 14:00:08Z INFO RSAFileKeyManager] Successfully saved RSA key parameters to file /Users/akshatsingh/Downloads/Starters/EvalAI-Starters/actions-runner/.credentials_rsaparams
[2025-07-03 14:00:08Z INFO RSAFileKeyManager] Which2: 'chmod'
[2025-07-03 14:00:08Z INFO RSAFileKeyManager] Location: '/bin/chmod'
[2025-07-03 14:00:08Z INFO HostContext] Well known directory 'Bin': '/Users/akshatsingh/Downloads/Starters/EvalAI-Starters/actions-runner/bin'
[2025-07-03 14:00:08Z INFO HostContext] Well known directory 'Root': '/Users/akshatsingh/Downloads/Starters/EvalAI-Starters/actions-runner'
[2025-07-03 14:00:08Z INFO ProcessInvokerWrapper] Starting process:
[2025-07-03 14:00:08Z INFO ProcessInvokerWrapper]   File name: '/bin/chmod'
[2025-07-03 14:00:08Z INFO ProcessInvokerWrapper]   Arguments: '600 /Users/akshatsingh/Downloads/Starters/EvalAI-Starters/actions-runner/.credentials_rsaparams'
[2025-07-03 14:00:08Z INFO ProcessInvokerWrapper]   Working directory: '/Users/akshatsingh/Downloads/Starters/EvalAI-Starters/actions-runner'
[2025-07-03 14:00:08Z INFO ProcessInvokerWrapper]   Require exit code zero: 'False'
[2025-07-03 14:00:08Z INFO ProcessInvokerWrapper]   Encoding web name:  ; code page: ''
[2025-07-03 14:00:08Z INFO ProcessInvokerWrapper]   Force kill process on cancellation: 'False'
[2025-07-03 14:00:08Z INFO ProcessInvokerWrapper]   Redirected STDIN: 'False'
[2025-07-03 14:00:08Z INFO ProcessInvokerWrapper]   Persist current code page: 'False'
[2025-07-03 14:00:08Z INFO ProcessInvokerWrapper]   Keep redirected STDIN open: 'False'
[2025-07-03 14:00:08Z INFO ProcessInvokerWrapper]   High priority process: 'False'
[2025-07-03 14:00:08Z INFO ProcessInvokerWrapper] Process started with process id 32936, waiting for process exit.
[2025-07-03 14:00:09Z INFO ProcessInvokerWrapper] STDOUT/STDERR stream read finished.
[2025-07-03 14:00:09Z INFO ProcessInvokerWrapper] STDOUT/STDERR stream read finished.
[2025-07-03 14:00:09Z INFO ProcessInvokerWrapper] Finished process 32936 with exit code 0, and elapsed time 00:00:00.4282747.
[2025-07-03 14:00:09Z INFO RSAFileKeyManager] Successfully set permissions for RSA key parameters file /Users/akshatsingh/Downloads/Starters/EvalAI-Starters/actions-runner/.credentials_rsaparams
[2025-07-03 14:00:09Z INFO CommandSettings] Arg 'runnergroup': ''
[2025-07-03 14:00:09Z INFO CommandSettings] Flag 'unattended': 'False'
[2025-07-03 14:00:09Z INFO PromptManager] ReadValue
[2025-07-03 14:00:09Z INFO Terminal] WRITE: Enter the name of the runner group to add this runner to: 
[2025-07-03 14:00:09Z INFO Terminal] WRITE: [press Enter for Default] 
[2025-07-03 14:00:09Z INFO Terminal] READ LINE
[2025-07-03 14:00:23Z INFO Terminal] Read value: ''
[2025-07-03 14:00:23Z INFO PromptManager] Falling back to the default: 'Default'
[2025-07-03 14:00:23Z INFO Terminal] WRITE LINE: 
[2025-07-03 14:00:23Z INFO ConfigurationManager] Found a self-hosted runner group with id 1 and name Default
[2025-07-03 14:00:23Z INFO CommandSettings] Flag 'disableupdate': 'False'
[2025-07-03 14:00:23Z INFO CommandSettings] Flag 'ephemeral': 'False'
[2025-07-03 14:00:23Z INFO CommandSettings] Arg 'name': ''
[2025-07-03 14:00:23Z INFO CommandSettings] Flag 'unattended': 'False'
[2025-07-03 14:00:23Z INFO PromptManager] ReadValue
[2025-07-03 14:00:23Z INFO Terminal] WRITE: Enter the name of runner: 
[2025-07-03 14:00:23Z INFO Terminal] WRITE: [press Enter for Akshats-MacBook-Air] 
[2025-07-03 14:00:23Z INFO Terminal] READ LINE
[2025-07-03 14:00:27Z INFO Terminal] Read value: ''
[2025-07-03 14:00:27Z INFO PromptManager] Falling back to the default: 'Akshats-MacBook-Air'
[2025-07-03 14:00:27Z INFO Terminal] WRITE LINE: 
[2025-07-03 14:00:27Z INFO CommandSettings] Arg 'labels': ''
[2025-07-03 14:00:27Z INFO CommandSettings] Flag 'unattended': 'False'
[2025-07-03 14:00:27Z INFO PromptManager] ReadValue
[2025-07-03 14:00:27Z INFO Terminal] WRITE: This runner will have the following labels: 'self-hosted', 'macOS', 'X64' 
Enter any additional labels (ex. label-1,label-2): 
[2025-07-03 14:00:27Z INFO Terminal] WRITE: [press Enter to skip] 
[2025-07-03 14:00:27Z INFO Terminal] READ LINE
[2025-07-03 14:00:30Z INFO Terminal] Read value: ''
[2025-07-03 14:00:30Z INFO Terminal] WRITE LINE: 
[2025-07-03 14:00:30Z INFO CommandSettings] Flag 'disableupdate': 'False'
[2025-07-03 14:00:30Z INFO CommandSettings] Flag 'no-default-labels': 'False'
[2025-07-03 14:00:31Z INFO CommandSettings] Flag 'disableupdate': 'False'
[2025-07-03 14:00:31Z INFO CommandSettings] Flag 'ephemeral': 'False'
[2025-07-03 14:00:31Z INFO ConfigurationStore] Saving OAuth credential @ /Users/akshatsingh/Downloads/Starters/EvalAI-Starters/actions-runner/.credentials
[2025-07-03 14:00:31Z INFO ConfigurationStore] Credentials Saved.
[2025-07-03 14:00:31Z INFO ConfigurationStore] HasCredentials()
[2025-07-03 14:00:31Z INFO ConfigurationStore] stored True
[2025-07-03 14:00:31Z INFO CredentialManager] GetCredentialProvider
[2025-07-03 14:00:31Z INFO CredentialManager] Creating type OAuth
[2025-07-03 14:00:31Z INFO CredentialManager] Creating credential type: OAuth
[2025-07-03 14:00:31Z INFO RSAFileKeyManager] Loading RSA key parameters from file /Users/akshatsingh/Downloads/Starters/EvalAI-Starters/actions-runner/.credentials_rsaparams
[2025-07-03 14:00:31Z INFO RunnerServer] EstablishVssConnection
[2025-07-03 14:00:31Z INFO RunnerServer] Establish connection with 100 seconds timeout.
[2025-07-03 14:00:31Z INFO GitHubActionsService] Starting operation Location.GetConnectionData
[2025-07-03 14:00:31Z INFO RunnerServer] EstablishVssConnection
[2025-07-03 14:00:31Z INFO RunnerServer] Establish connection with 60 seconds timeout.
[2025-07-03 14:00:31Z INFO GitHubActionsService] Starting operation Location.GetConnectionData
[2025-07-03 14:00:31Z INFO RunnerServer] EstablishVssConnection
[2025-07-03 14:00:31Z INFO RunnerServer] Establish connection with 60 seconds timeout.
[2025-07-03 14:00:31Z INFO GitHubActionsService] Starting operation Location.GetConnectionData
[2025-07-03 14:00:32Z INFO GitHubActionsService] Finished operation Location.GetConnectionData
[2025-07-03 14:00:32Z INFO GitHubActionsService] Finished operation Location.GetConnectionData
[2025-07-03 14:00:32Z INFO GitHubActionsService] Finished operation Location.GetConnectionData
[2025-07-03 14:00:32Z INFO RSAFileKeyManager] Loading RSA key parameters from file /Users/akshatsingh/Downloads/Starters/EvalAI-Starters/actions-runner/.credentials_rsaparams
[2025-07-03 14:00:32Z INFO RSAFileKeyManager] Loading RSA key parameters from file /Users/akshatsingh/Downloads/Starters/EvalAI-Starters/actions-runner/.credentials_rsaparams
[2025-07-03 14:00:33Z INFO GitHubActionsService] AAD Correlation ID for this token request: Unknown
[2025-07-03 14:00:33Z INFO ConfigurationManager] Service enforced serverUrlV2: https://broker.actions.githubusercontent.com/
[2025-07-03 14:00:33Z INFO ConfigurationManager] Service enforced useV2Flow: True
[2025-07-03 14:00:33Z INFO CommandSettings] Arg 'work': ''
[2025-07-03 14:00:33Z INFO CommandSettings] Flag 'unattended': 'False'
[2025-07-03 14:00:33Z INFO PromptManager] ReadValue
[2025-07-03 14:00:33Z INFO Terminal] WRITE: Enter name of work folder: 
[2025-07-03 14:00:33Z INFO Terminal] WRITE: [press Enter for _work] 
[2025-07-03 14:00:33Z INFO Terminal] READ LINE
[2025-07-03 14:00:37Z INFO Terminal] Read value: ''
[2025-07-03 14:00:37Z INFO PromptManager] Falling back to the default: '_work'
[2025-07-03 14:00:37Z INFO ConfigurationStore] Saving runner settings.
[2025-07-03 14:00:37Z INFO ConfigurationStore] Settings Saved.
[2025-07-03 14:00:37Z INFO Terminal] WRITE LINE: 
[2025-07-03 14:00:37Z INFO Terminal] WRITE LINE: 
[2025-07-03 14:00:37Z INFO OsxServiceControlManager] Service name 'actions.runner.Akshat453-EvalAI-Starters.Akshats-MacBook-Air' display name 'GitHub Actions Runner (Akshat453-EvalAI-Starters.Akshats-MacBook-Air)' will be used for service configuration.
[2025-07-03 14:00:37Z INFO HostContext] Well known directory 'Bin': '/Users/akshatsingh/Downloads/Starters/EvalAI-Starters/actions-runner/bin'
[2025-07-03 14:00:37Z INFO HostContext] Well known directory 'Root': '/Users/akshatsingh/Downloads/Starters/EvalAI-Starters/actions-runner'
[2025-07-03 14:00:37Z INFO HostContext] Well known directory 'Bin': '/Users/akshatsingh/Downloads/Starters/EvalAI-Starters/actions-runner/bin'
[2025-07-03 14:00:37Z INFO HostContext] Well known directory 'Bin': '/Users/akshatsingh/Downloads/Starters/EvalAI-Starters/actions-runner/bin'
[2025-07-03 14:00:37Z INFO HostContext] Well known directory 'Root': '/Users/akshatsingh/Downloads/Starters/EvalAI-Starters/actions-runner'
[2025-07-03 14:00:37Z INFO UnixUtil] Which2: 'chmod'
[2025-07-03 14:00:37Z INFO UnixUtil] Location: '/bin/chmod'
[2025-07-03 14:00:37Z INFO UnixUtil] Running /bin/chmod 755 "/Users/akshatsingh/Downloads/Starters/EvalAI-Starters/actions-runner/svc.sh"
[2025-07-03 14:00:37Z INFO ProcessInvokerWrapper] Starting process:
[2025-07-03 14:00:37Z INFO ProcessInvokerWrapper]   File name: '/bin/chmod'
[2025-07-03 14:00:37Z INFO ProcessInvokerWrapper]   Arguments: '755 "/Users/akshatsingh/Downloads/Starters/EvalAI-Starters/actions-runner/svc.sh"'
[2025-07-03 14:00:37Z INFO ProcessInvokerWrapper]   Working directory: '/Users/akshatsingh/Downloads/Starters/EvalAI-Starters/actions-runner'
[2025-07-03 14:00:37Z INFO ProcessInvokerWrapper]   Require exit code zero: 'True'
[2025-07-03 14:00:37Z INFO ProcessInvokerWrapper]   Encoding web name:  ; code page: ''
[2025-07-03 14:00:37Z INFO ProcessInvokerWrapper]   Force kill process on cancellation: 'False'
[2025-07-03 14:00:37Z INFO ProcessInvokerWrapper]   Redirected STDIN: 'False'
[2025-07-03 14:00:37Z INFO ProcessInvokerWrapper]   Persist current code page: 'False'
[2025-07-03 14:00:37Z INFO ProcessInvokerWrapper]   Keep redirected STDIN open: 'False'
[2025-07-03 14:00:37Z INFO ProcessInvokerWrapper]   High priority process: 'False'
[2025-07-03 14:00:37Z INFO ProcessInvokerWrapper] Process started with process id 33404, waiting for process exit.
[2025-07-03 14:00:37Z INFO ProcessInvokerWrapper] STDOUT/STDERR stream read finished.
[2025-07-03 14:00:37Z INFO ProcessInvokerWrapper] STDOUT/STDERR stream read finished.
[2025-07-03 14:00:37Z INFO ProcessInvokerWrapper] Finished process 33404 with exit code 0, and elapsed time 00:00:00.0365369.
[2025-07-03 14:00:37Z INFO Listener] Runner execution has finished with return code 0
